<?xml version="1.0" encoding="UTF-8"?>
<!-- Generated by org.testng.reporters.JUnitReportReporter -->
<testsuite skipped="0" hostname="Irfan" name="com.TestRunner.TestRunner" tests="1" failures="0" timestamp="30 Dec 2021 08:34:04 GMT" time="3.187" errors="1">
  <testcase name="feature" time="3.187" classname="com.TestRunner.TestRunner">
    <error type="org.openqa.selenium.SessionNotCreatedException" message="session not created: This version of ChromeDriver only supports Chrome version 91
Current browser version is 96.0.4664.110 with binary path C:\Program Files (x86)\Google\Chrome\Application\chrome.exe
Build info: version: &#039;3.11.0&#039;, revision: &#039;e59cfb3&#039;, time: &#039;2018-03-11T20:26:55.152Z&#039;
System info: host: &#039;IRFAN&#039;, ip: &#039;169.254.87.163&#039;, os.name: &#039;Windows 10&#039;, os.arch: &#039;amd64&#039;, os.version: &#039;10.0&#039;, java.version: &#039;1.8.0_301&#039;
Driver info: driver.version: ChromeDriver
remote stacktrace: Backtrace:
	Ordinal0 [0x00AD3733+2504499]
	Ordinal0 [0x00A6C401+2081793]
	Ordinal0 [0x00972628+1058344]
	Ordinal0 [0x0099071A+1181466]
	Ordinal0 [0x0098C58C+1164684]
	Ordinal0 [0x00989DC3+1154499]
	Ordinal0 [0x009B9B82+1350530]
	Ordinal0 [0x009B97DA+1349594]
	Ordinal0 [0x009B5D4B+1334603]
	Ordinal0 [0x009922B4+1188532]
	Ordinal0 [0x00993149+1192265]
	GetHandleVerifier [0x00C4FB8C+1512252]
	GetHandleVerifier [0x00CFB0DF+2214031]
	GetHandleVerifier [0x00B54BC3+484211]
	GetHandleVerifier [0x00B53E69+480793]
	Ordinal0 [0x00A7218D+2105741]
	Ordinal0 [0x00A766E8+2123496]
	Ordinal0 [0x00A76827+2123815]
	Ordinal0 [0x00A7FB73+2161523]
	BaseThreadInitThunk [0x770B6359+25]
	RtlGetAppContainerNamedObjectPath [0x77B587A4+228]
	RtlGetAppContainerNamedObjectPath [0x77B58774+180]
">
      <![CDATA[org.openqa.selenium.SessionNotCreatedException: session not created: This version of ChromeDriver only supports Chrome version 91
Current browser version is 96.0.4664.110 with binary path C:\Program Files (x86)\Google\Chrome\Application\chrome.exe
Build info: version: '3.11.0', revision: 'e59cfb3', time: '2018-03-11T20:26:55.152Z'
System info: host: 'IRFAN', ip: '169.254.87.163', os.name: 'Windows 10', os.arch: 'amd64', os.version: '10.0', java.version: '1.8.0_301'
Driver info: driver.version: ChromeDriver
remote stacktrace: Backtrace:
Ordinal0 [0x00AD3733+2504499]
Ordinal0 [0x00A6C401+2081793]
Ordinal0 [0x00972628+1058344]
Ordinal0 [0x0099071A+1181466]
Ordinal0 [0x0098C58C+1164684]
Ordinal0 [0x00989DC3+1154499]
Ordinal0 [0x009B9B82+1350530]
Ordinal0 [0x009B97DA+1349594]
Ordinal0 [0x009B5D4B+1334603]
Ordinal0 [0x009922B4+1188532]
Ordinal0 [0x00993149+1192265]
GetHandleVerifier [0x00C4FB8C+1512252]
GetHandleVerifier [0x00CFB0DF+2214031]
GetHandleVerifier [0x00B54BC3+484211]
GetHandleVerifier [0x00B53E69+480793]
Ordinal0 [0x00A7218D+2105741]
Ordinal0 [0x00A766E8+2123496]
Ordinal0 [0x00A76827+2123815]
Ordinal0 [0x00A7FB73+2161523]
BaseThreadInitThunk [0x770B6359+25]
RtlGetAppContainerNamedObjectPath [0x77B587A4+228]
RtlGetAppContainerNamedObjectPath [0x77B58774+180]

at sun.reflect.NativeConstructorAccessorImpl.newInstance0(Native Method)
at sun.reflect.NativeConstructorAccessorImpl.newInstance(Unknown Source)
at sun.reflect.DelegatingConstructorAccessorImpl.newInstance(Unknown Source)
at java.lang.reflect.Constructor.newInstance(Unknown Source)
at org.openqa.selenium.remote.W3CHandshakeResponse.lambda$new$0(W3CHandshakeResponse.java:57)
at org.openqa.selenium.remote.W3CHandshakeResponse.lambda$getResponseFunction$2(W3CHandshakeResponse.java:104)
at org.openqa.selenium.remote.ProtocolHandshake.lambda$createSession$0(ProtocolHandshake.java:123)
at java.util.stream.ReferencePipeline$3$1.accept(Unknown Source)
at java.util.Spliterators$ArraySpliterator.tryAdvance(Unknown Source)
at java.util.stream.ReferencePipeline.forEachWithCancel(Unknown Source)
at java.util.stream.AbstractPipeline.copyIntoWithCancel(Unknown Source)
at java.util.stream.AbstractPipeline.copyInto(Unknown Source)
at java.util.stream.AbstractPipeline.wrapAndCopyInto(Unknown Source)
at java.util.stream.FindOps$FindOp.evaluateSequential(Unknown Source)
at java.util.stream.AbstractPipeline.evaluate(Unknown Source)
at java.util.stream.ReferencePipeline.findFirst(Unknown Source)
at org.openqa.selenium.remote.ProtocolHandshake.createSession(ProtocolHandshake.java:126)
at org.openqa.selenium.remote.ProtocolHandshake.createSession(ProtocolHandshake.java:73)
at org.openqa.selenium.remote.HttpCommandExecutor.execute(HttpCommandExecutor.java:136)
at org.openqa.selenium.remote.service.DriverCommandExecutor.execute(DriverCommandExecutor.java:83)
at org.openqa.selenium.remote.RemoteWebDriver.execute(RemoteWebDriver.java:545)
at org.openqa.selenium.remote.RemoteWebDriver.startSession(RemoteWebDriver.java:209)
at org.openqa.selenium.remote.RemoteWebDriver.<init>(RemoteWebDriver.java:132)
at org.openqa.selenium.chrome.ChromeDriver.<init>(ChromeDriver.java:181)
at org.openqa.selenium.chrome.ChromeDriver.<init>(ChromeDriver.java:168)
at org.openqa.selenium.chrome.ChromeDriver.<init>(ChromeDriver.java:123)
at com.stepdefinition.GoogleSearch.open_chrome_browser_and_enter_url(GoogleSearch.java:17)
at âœ½.open browser(./feature/Google.feature:4)
]]>
    </error>
  </testcase> <!-- feature -->
</testsuite> <!-- com.TestRunner.TestRunner -->
